<?xml version="1.0" encoding="utf-8"?><testsuites name="pytest tests"><testsuite name="pytest" errors="0" failures="0" skipped="0" tests="19" time="1.580" timestamp="2026-07-03T05:13:51.634327+00:00" hostname="agent-env-1e7e54fb-b10e-476f-8612-875531ade94e"><testcase classname="tests.backend_test.TestCategories" name="test_get_categories" time="0.268" /><testcase classname="tests.backend_test.TestExpensesCRUD" name="test_create_auto_category" time="0.323" /><testcase classname="tests.backend_test.TestCategories" name="test_categorize_uber" time="0.052" /><testcase classname="tests.backend_test.TestCategories" name="test_categorize_starbucks" time="0.048" /><testcase classname="tests.backend_test.TestExpensesCRUD" name="test_create_explicit_category" time="0.046" /><testcase classname="tests.backend_test.TestExpensesCRUD" name="test_list_expenses_filter_category" time="0.045" /><testcase classname="tests.backend_test.TestCategories" name="test_categorize_unknown" time="0.048" /><testcase classname="tests.backend_test.TestExpensesCRUD" name="test_list_expenses_search" time="0.045" /><testcase classname="tests.backend_test.TestBudgets" name="test_create_budget" time="0.090" /><testcase classname="tests.backend_test.TestExpensesCRUD" name="test_update_expense" time="0.093" /><testcase classname="tests.backend_test.TestBudgets" name="test_upsert_same_category" time="0.139" /><testcase classname="tests.backend_test.TestExpensesCRUD" name="test_update_recategorizes_on_description_change" time="0.045" /><testcase classname="tests.backend_test.TestExpensesCRUD" name="test_delete_expense" time="0.131" /><testcase classname="tests.backend_test.TestBudgets" name="test_list_budgets" time="0.089" /><testcase classname="tests.backend_test.TestDashboard" name="test_summary_shape" time="0.090" /><testcase classname="tests.backend_test.TestBudgets" name="test_delete_budget" time="0.142" /><testcase classname="tests.backend_test.TestDashboard" name="test_summary_contains_current_month_expense" time="0.052" /><testcase classname="tests.backend_test.TestDashboard" name="test_summary_budget_status_shape" time="0.177" /><testcase classname="tests.backend_test.TestCSVExport" name="test_export_csv" time="0.155" /></testsuite></testsuites>